<?xml version="1.0" encoding="UTF-8"?>
<testng-results skipped="0" failed="0" total="3" passed="3">
  <reporter-output>
  </reporter-output>
  <suite name="001" duration-ms="24954" started-at="2016-03-06T18:38:57Z" finished-at="2016-03-06T18:39:22Z">
    <groups>
    </groups>
    <test name="Regression" duration-ms="24954" started-at="2016-03-06T18:38:57Z" finished-at="2016-03-06T18:39:22Z">
      <class name="com.bit.test.SmokeTest">
        <test-method status="PASS" signature="start()[pri:0, instance:com.bit.test.SmokeTest@1a6e353]" name="start" is-config="true" duration-ms="10996" started-at="2016-03-06T13:38:57Z" finished-at="2016-03-06T13:39:08Z">
          <reporter-output>
          </reporter-output>
        </test-method> <!-- start -->
        <test-method status="PASS" signature="Test1()[pri:0, instance:com.bit.test.SmokeTest@1a6e353]" name="Test1" duration-ms="10" started-at="2016-03-06T13:39:08Z" finished-at="2016-03-06T13:39:08Z">
          <reporter-output>
          </reporter-output>
        </test-method> <!-- Test1 -->
        <test-method status="PASS" signature="finish()[pri:0, instance:com.bit.test.SmokeTest@1a6e353]" name="finish" is-config="true" duration-ms="679" started-at="2016-03-06T13:39:08Z" finished-at="2016-03-06T13:39:09Z">
          <reporter-output>
          </reporter-output>
        </test-method> <!-- finish -->
        <test-method status="PASS" signature="start()[pri:0, instance:com.bit.test.SmokeTest@1a6e353]" name="start" is-config="true" duration-ms="6079" started-at="2016-03-06T13:39:09Z" finished-at="2016-03-06T13:39:15Z">
          <reporter-output>
          </reporter-output>
        </test-method> <!-- start -->
        <test-method status="PASS" signature="Test2()[pri:0, instance:com.bit.test.SmokeTest@1a6e353]" name="Test2" duration-ms="1" started-at="2016-03-06T13:39:15Z" finished-at="2016-03-06T13:39:15Z">
          <reporter-output>
          </reporter-output>
        </test-method> <!-- Test2 -->
        <test-method status="PASS" signature="finish()[pri:0, instance:com.bit.test.SmokeTest@1a6e353]" name="finish" is-config="true" duration-ms="432" started-at="2016-03-06T13:39:15Z" finished-at="2016-03-06T13:39:15Z">
          <reporter-output>
          </reporter-output>
        </test-method> <!-- finish -->
        <test-method status="PASS" signature="start()[pri:0, instance:com.bit.test.SmokeTest@1a6e353]" name="start" is-config="true" duration-ms="6088" started-at="2016-03-06T13:39:15Z" finished-at="2016-03-06T13:39:22Z">
          <reporter-output>
          </reporter-output>
        </test-method> <!-- start -->
        <test-method status="PASS" signature="Test3()[pri:0, instance:com.bit.test.SmokeTest@1a6e353]" name="Test3" duration-ms="0" started-at="2016-03-06T13:39:22Z" finished-at="2016-03-06T13:39:22Z">
          <reporter-output>
          </reporter-output>
        </test-method> <!-- Test3 -->
        <test-method status="PASS" signature="finish()[pri:0, instance:com.bit.test.SmokeTest@1a6e353]" name="finish" is-config="true" duration-ms="649" started-at="2016-03-06T13:39:22Z" finished-at="2016-03-06T13:39:22Z">
          <reporter-output>
          </reporter-output>
        </test-method> <!-- finish -->
      </class> <!-- com.bit.test.SmokeTest -->
    </test> <!-- Regression -->
  </suite> <!-- 001 -->
</testng-results>
